<?xml version="1.0" encoding="UTF-8"?>
<!-- Generated by org.testng.reporters.JUnitReportReporter -->
<testsuite hostname="HDC0006485" name="com.scb.TestData.NewTest" tests="1" failures="0" timestamp="30 Nov 2016 09:46:09 GMT" time="0.001" errors="0">
  <testcase name="f" time="0.001" classname="com.scb.TestData.NewTest"/>
</testsuite> <!-- com.scb.TestData.NewTest -->
