<?xml version="1.0" encoding="UTF-8"?>
<!-- Generated by org.testng.reporters.JUnitReportReporter -->
<testsuite hostname="HDC0006485" name="test.NewTest" tests="1" failures="0" timestamp="30 Nov 2016 09:19:59 GMT" time="0.022" errors="0">
  <testcase name="f" time="0.022" classname="test.NewTest"/>
</testsuite> <!-- test.NewTest -->
